10174
9185
9789
1591
3495
395
8597
10135
4913
9961
1470
3709
9553
377
7508
4641
5161
3979
2843
6427
5910
3326
410
4198
7743
10029
4610
8912
2923
4070
3886
10458
7826
6860
4496
6933
3390
2286
6497
2394
9691
5347
7340
9879
8795
1506
1935
6643
10812
8128
6967
3253
5708
4490
4863
1360
5054
8298
5259
9520
4216
7511
8810
4115
9635
2078
8864
1358
4468
338
6057
3148
4574
4926
5604
7606
1859
3368
4002
2049
7018
8746
5157
6082
2069
7250
10686
69
2493
2612
690
1946
9208
2957
2470
4122
9918
10111
212
10623
7610
6438
1370
10894
6352
10725
544
4065
6759
9495
7800
4056
3780
6266
9349
9959
7175
6231
7003
2001
10112
7332
3192
4223
4376
8988
4150
2427
1167
6046
6347
1460
8712
3328
10335
1916
2295
8178
4503
6490
10073
788
1122
6147
7722
6549
8797
8290
1203
5064
8847
231
2945
10606
2941
9961
10294
2156
4050
6288
4135
5423
9042
3933
6131
7239
675
8297
7932
8674
7146
7673
837
2741
9908
4874
10412
916
2278
2827
9538
9227
2167
2014
4815
4313
10745
24
4423
2475
6600
2684
3430
6986
2420
3158
10098
1220
11025
1920
2647
9065
8222
8187
1057
8800
8792
995
41
7209
8634
3668
5036
2128
1075
7133
5092
10804
3621
7497
583
9026
1082
3889
807
3793
10085
2009
9953
2373
7060
9902
6326
10499
5326
6967
3559
1455
9990
7753
4737
5380
4067
8161
6328
663
583
6199
9732
608
1438
7713
1681
9927
1554
3589
6886
6571
1887
1728
8609
5165
3712
9138
1013
10133
7273
1313
1935
6659
8310
9826
4805
3031
4808
10892
605
223
516
5705
10765
7493
257
7699
2539
3998
5231
9657
5555
9814
9931
1918
10869
5346
7356
1817
9816
6
